{
  "/usr/src/app/libraries/mock-factory/dist/src/factory.d.ts": {
    "path": "/usr/src/app/libraries/mock-factory/dist/src/factory.d.ts",
    "statementMap": {},
    "fnMap": {},
    "branchMap": {},
    "s": {},
    "f": {},
    "b": {}
  },
  "/usr/src/app/libraries/mock-factory/dist/src/index.d.ts": {
    "path": "/usr/src/app/libraries/mock-factory/dist/src/index.d.ts",
    "statementMap": {},
    "fnMap": {},
    "branchMap": {},
    "s": {},
    "f": {},
    "b": {}
  },
  "/usr/src/app/libraries/mock-factory/dist/src/mock-factory.d.ts": {
    "path": "/usr/src/app/libraries/mock-factory/dist/src/mock-factory.d.ts",
    "statementMap": {},
    "fnMap": {},
    "branchMap": {},
    "s": {},
    "f": {},
    "b": {}
  },
  "/usr/src/app/libraries/mock-factory/dist/src/mock-factory2.d.ts": {
    "path": "/usr/src/app/libraries/mock-factory/dist/src/mock-factory2.d.ts",
    "statementMap": {},
    "fnMap": {},
    "branchMap": {},
    "s": {},
    "f": {},
    "b": {}
  },
  "/usr/src/app/libraries/mock-factory/dist/src/__tests__/TestClazz.d.ts": {
    "path": "/usr/src/app/libraries/mock-factory/dist/src/__tests__/TestClazz.d.ts",
    "statementMap": {},
    "fnMap": {},
    "branchMap": {},
    "s": {},
    "f": {},
    "b": {}
  },
  "/usr/src/app/libraries/mock-factory/dist/src/__tests__/my.test.d.ts": {
    "path": "/usr/src/app/libraries/mock-factory/dist/src/__tests__/my.test.d.ts",
    "statementMap": {},
    "fnMap": {},
    "branchMap": {},
    "s": {},
    "f": {},
    "b": {}
  },
  "/usr/src/app/libraries/mock-factory/dist/src/__tests__/test-object.d.ts": {
    "path": "/usr/src/app/libraries/mock-factory/dist/src/__tests__/test-object.d.ts",
    "statementMap": {},
    "fnMap": {},
    "branchMap": {},
    "s": {},
    "f": {},
    "b": {}
  },
  "/usr/src/app/libraries/mock-factory/src/index.ts": {
    "path": "/usr/src/app/libraries/mock-factory/src/index.ts",
    "statementMap": {
      "0": {
        "start": { "line": 1, "column": 0 },
        "end": { "line": 1, "column": 31 }
      }
    },
    "fnMap": {},
    "branchMap": {},
    "s": { "0": 0 },
    "f": {},
    "b": {}
  },
  "/usr/src/app/libraries/mock-factory/src/mock-factory.ts": {
    "path": "/usr/src/app/libraries/mock-factory/src/mock-factory.ts",
    "statementMap": {
      "0": {
        "start": { "line": 1, "column": 0 },
        "end": { "line": 1, "column": 40 }
      },
      "1": {
        "start": { "line": 10, "column": 0 },
        "end": { "line": 10, "column": 26 }
      },
      "2": {
        "start": { "line": 11, "column": 0 },
        "end": { "line": 11, "column": null }
      },
      "3": {
        "start": { "line": 25, "column": 4 },
        "end": { "line": 25, "column": 58 }
      },
      "4": {
        "start": { "line": 29, "column": 28 },
        "end": { "line": 29, "column": 48 }
      },
      "5": {
        "start": { "line": 30, "column": 28 },
        "end": { "line": 34, "column": null }
      },
      "6": {
        "start": { "line": 37, "column": 6 },
        "end": { "line": 37, "column": 58 }
      },
      "7": {
        "start": { "line": 39, "column": 24 },
        "end": { "line": 39, "column": 31 }
      },
      "8": {
        "start": { "line": 41, "column": 4 },
        "end": { "line": 51, "column": null }
      },
      "9": {
        "start": { "line": 42, "column": 24 },
        "end": { "line": 42, "column": 54 }
      },
      "10": {
        "start": { "line": 43, "column": 20 },
        "end": { "line": 43, "column": 70 }
      },
      "11": {
        "start": { "line": 45, "column": 6 },
        "end": { "line": 50, "column": null }
      },
      "12": {
        "start": { "line": 46, "column": 8 },
        "end": { "line": 49, "column": 10 }
      },
      "13": {
        "start": { "line": 53, "column": 4 },
        "end": { "line": 53, "column": 44 }
      },
      "14": {
        "start": { "line": 59, "column": 4 },
        "end": { "line": 84, "column": null }
      },
      "15": {
        "start": { "line": 60, "column": 26 },
        "end": { "line": 61, "column": null }
      },
      "16": {
        "start": { "line": 64, "column": 6 },
        "end": { "line": 83, "column": null }
      },
      "17": {
        "start": { "line": 65, "column": 8 },
        "end": { "line": 82, "column": null }
      },
      "18": {
        "start": { "line": 67, "column": 12 },
        "end": { "line": 67, "column": 44 }
      },
      "19": {
        "start": { "line": 69, "column": 12 },
        "end": { "line": 69, "column": 52 }
      },
      "20": {
        "start": { "line": 71, "column": 12 },
        "end": { "line": 71, "column": 42 }
      },
      "21": {
        "start": { "line": 73, "column": 12 },
        "end": { "line": 73, "column": 41 }
      },
      "22": {
        "start": { "line": 75, "column": 12 },
        "end": { "line": 75, "column": 52 }
      },
      "23": {
        "start": { "line": 77, "column": 12 },
        "end": { "line": 77, "column": 42 }
      },
      "24": {
        "start": { "line": 79, "column": 12 },
        "end": { "line": 79, "column": 40 }
      },
      "25": {
        "start": { "line": 81, "column": 12 },
        "end": { "line": 81, "column": 18 }
      },
      "26": {
        "start": { "line": 86, "column": 4 },
        "end": { "line": 86, "column": 21 }
      },
      "27": {
        "start": { "line": 23, "column": 0 },
        "end": { "line": 23, "column": 13 }
      }
    },
    "fnMap": {
      "0": {
        "name": "(anonymous_0)",
        "decl": {
          "start": { "line": 24, "column": 9 },
          "end": { "line": 24, "column": 15 }
        },
        "loc": {
          "start": { "line": 24, "column": 73 },
          "end": { "line": 26, "column": 3 }
        }
      },
      "1": {
        "name": "(anonymous_1)",
        "decl": {
          "start": { "line": 28, "column": 9 },
          "end": { "line": 28, "column": 15 }
        },
        "loc": {
          "start": { "line": 28, "column": 66 },
          "end": { "line": 54, "column": 3 }
        }
      },
      "2": {
        "name": "(anonymous_2)",
        "decl": {
          "start": { "line": 56, "column": 10 },
          "end": { "line": 56, "column": 44 }
        },
        "loc": {
          "start": { "line": 57, "column": 35 },
          "end": { "line": 87, "column": 3 }
        }
      }
    },
    "branchMap": {
      "0": {
        "loc": {
          "start": { "line": 24, "column": 49 },
          "end": { "line": 24, "column": 73 }
        },
        "type": "default-arg",
        "locations": [
          {
            "start": { "line": 24, "column": 71 },
            "end": { "line": 24, "column": 73 }
          }
        ]
      },
      "1": {
        "loc": {
          "start": { "line": 28, "column": 42 },
          "end": { "line": 28, "column": 66 }
        },
        "type": "default-arg",
        "locations": [
          {
            "start": { "line": 28, "column": 64 },
            "end": { "line": 28, "column": 66 }
          }
        ]
      },
      "2": {
        "loc": {
          "start": { "line": 45, "column": 6 },
          "end": { "line": 50, "column": null }
        },
        "type": "if",
        "locations": [
          {
            "start": { "line": 45, "column": 6 },
            "end": { "line": 50, "column": null }
          }
        ]
      },
      "3": {
        "loc": {
          "start": { "line": 65, "column": 8 },
          "end": { "line": 82, "column": null }
        },
        "type": "switch",
        "locations": [
          {
            "start": { "line": 66, "column": 10 },
            "end": { "line": 67, "column": 44 }
          },
          {
            "start": { "line": 68, "column": 10 },
            "end": { "line": 69, "column": 52 }
          },
          {
            "start": { "line": 70, "column": 10 },
            "end": { "line": 71, "column": 42 }
          },
          {
            "start": { "line": 72, "column": 10 },
            "end": { "line": 73, "column": 41 }
          },
          {
            "start": { "line": 74, "column": 10 },
            "end": { "line": 75, "column": 52 }
          },
          {
            "start": { "line": 76, "column": 10 },
            "end": { "line": 77, "column": 42 }
          },
          {
            "start": { "line": 78, "column": 10 },
            "end": { "line": 79, "column": 40 }
          },
          {
            "start": { "line": 80, "column": 10 },
            "end": { "line": 81, "column": 18 }
          }
        ]
      }
    },
    "s": {
      "0": 1,
      "1": 1,
      "2": 1,
      "3": 2,
      "4": 2,
      "5": 2,
      "6": 2,
      "7": 2,
      "8": 2,
      "9": 14,
      "10": 14,
      "11": 14,
      "12": 14,
      "13": 2,
      "14": 14,
      "15": 14,
      "16": 14,
      "17": 14,
      "18": 2,
      "19": 2,
      "20": 2,
      "21": 2,
      "22": 2,
      "23": 2,
      "24": 2,
      "25": 0,
      "26": 0,
      "27": 1
    },
    "f": { "0": 2, "1": 2, "2": 14 },
    "b": { "0": [1], "1": [0], "2": [14], "3": [2, 2, 2, 2, 2, 2, 2, 0] }
  },
  "/usr/src/app/libraries/mock-factory/src/__tests__/example-class.ts": {
    "path": "/usr/src/app/libraries/mock-factory/src/__tests__/example-class.ts",
    "statementMap": {
      "0": {
        "start": { "line": 1, "column": 0 },
        "end": { "line": 1, "column": null }
      },
      "1": {
        "start": { "line": 18, "column": 2 },
        "end": { "line": 19, "column": null }
      },
      "2": {
        "start": { "line": 21, "column": 2 },
        "end": { "line": 22, "column": null }
      },
      "3": {
        "start": { "line": 24, "column": 2 },
        "end": { "line": 25, "column": null }
      },
      "4": {
        "start": { "line": 27, "column": 2 },
        "end": { "line": 28, "column": null }
      },
      "5": {
        "start": { "line": 30, "column": 2 },
        "end": { "line": 31, "column": null }
      },
      "6": {
        "start": { "line": 33, "column": 2 },
        "end": { "line": 34, "column": null }
      },
      "7": {
        "start": { "line": 36, "column": 2 },
        "end": { "line": 37, "column": null }
      },
      "8": {
        "start": { "line": 17, "column": 0 },
        "end": { "line": 17, "column": 13 }
      }
    },
    "fnMap": {},
    "branchMap": {},
    "s": {
      "0": 1,
      "1": 1,
      "2": 1,
      "3": 1,
      "4": 1,
      "5": 1,
      "6": 1,
      "7": 1,
      "8": 1
    },
    "f": {},
    "b": {}
  }
}
