TN:
SF:dist/src/factory.d.ts
FNF:0
FNH:0
LF:0
LH:0
BRF:0
BRH:0
end_of_record
TN:
SF:dist/src/index.d.ts
FNF:0
FNH:0
LF:0
LH:0
BRF:0
BRH:0
end_of_record
TN:
SF:dist/src/mock-factory.d.ts
FNF:0
FNH:0
LF:0
LH:0
BRF:0
BRH:0
end_of_record
TN:
SF:dist/src/mock-factory2.d.ts
FNF:0
FNH:0
LF:0
LH:0
BRF:0
BRH:0
end_of_record
TN:
SF:dist/src/__tests__/TestClazz.d.ts
FNF:0
FNH:0
LF:0
LH:0
BRF:0
BRH:0
end_of_record
TN:
SF:dist/src/__tests__/my.test.d.ts
FNF:0
FNH:0
LF:0
LH:0
BRF:0
BRH:0
end_of_record
TN:
SF:dist/src/__tests__/test-object.d.ts
FNF:0
FNH:0
LF:0
LH:0
BRF:0
BRH:0
end_of_record
TN:
SF:src/index.ts
FNF:0
FNH:0
DA:1,0
LF:1
LH:0
BRF:0
BRH:0
end_of_record
TN:
SF:src/mock-factory.ts
FN:24,(anonymous_0)
FN:28,(anonymous_1)
FN:56,(anonymous_2)
FNF:3
FNH:3
FNDA:2,(anonymous_0)
FNDA:2,(anonymous_1)
FNDA:14,(anonymous_2)
DA:1,1
DA:10,1
DA:11,1
DA:23,1
DA:25,2
DA:29,2
DA:30,2
DA:37,2
DA:39,2
DA:41,2
DA:42,14
DA:43,14
DA:45,14
DA:46,14
DA:53,2
DA:59,14
DA:60,14
DA:64,14
DA:65,14
DA:67,2
DA:69,2
DA:71,2
DA:73,2
DA:75,2
DA:77,2
DA:79,2
DA:81,0
DA:86,0
LF:28
LH:26
BRDA:24,0,0,1
BRDA:28,1,0,0
BRDA:45,2,0,14
BRDA:65,3,0,2
BRDA:65,3,1,2
BRDA:65,3,2,2
BRDA:65,3,3,2
BRDA:65,3,4,2
BRDA:65,3,5,2
BRDA:65,3,6,2
BRDA:65,3,7,0
BRF:11
BRH:9
end_of_record
TN:
SF:src/__tests__/example-class.ts
FNF:0
FNH:0
DA:1,1
DA:17,1
DA:18,1
DA:21,1
DA:24,1
DA:27,1
DA:30,1
DA:33,1
DA:36,1
LF:9
LH:9
BRF:0
BRH:0
end_of_record
